c:\visualstudioprojects\bgfx-minimal-example\bin-int\release-windows-x86_64\core\core.pch
c:\visualstudioprojects\bgfx-minimal-example\bin\release-windows-x86_64\core\core.pdb
c:\visualstudioprojects\bgfx-minimal-example\bin-int\release-windows-x86_64\core\crpch.obj
c:\visualstudioprojects\bgfx-minimal-example\bin-int\release-windows-x86_64\core\imgui_layer.obj
c:\visualstudioprojects\bgfx-minimal-example\bin-int\release-windows-x86_64\core\imgui_build.obj
c:\visualstudioprojects\bgfx-minimal-example\bin-int\release-windows-x86_64\core\layer_stack.obj
c:\visualstudioprojects\bgfx-minimal-example\bin-int\release-windows-x86_64\core\layer.obj
c:\visualstudioprojects\bgfx-minimal-example\bin-int\release-windows-x86_64\core\mouse_event.obj
c:\visualstudioprojects\bgfx-minimal-example\bin-int\release-windows-x86_64\core\key_event.obj
c:\visualstudioprojects\bgfx-minimal-example\bin-int\release-windows-x86_64\core\event.obj
c:\visualstudioprojects\bgfx-minimal-example\bin-int\release-windows-x86_64\core\app_event.obj
c:\visualstudioprojects\bgfx-minimal-example\bin-int\release-windows-x86_64\core\window.obj
c:\visualstudioprojects\bgfx-minimal-example\bin-int\release-windows-x86_64\core\app.obj
c:\visualstudioprojects\bgfx-minimal-example\bin\release-windows-x86_64\core\core.lib
c:\visualstudioprojects\bgfx-minimal-example\bin-int\release-windows-x86_64\core\core.tlog\cl.command.1.tlog
c:\visualstudioprojects\bgfx-minimal-example\bin-int\release-windows-x86_64\core\core.tlog\cl.read.1.tlog
c:\visualstudioprojects\bgfx-minimal-example\bin-int\release-windows-x86_64\core\core.tlog\cl.write.1.tlog
c:\visualstudioprojects\bgfx-minimal-example\bin-int\release-windows-x86_64\core\core.tlog\lib-link.read.1.tlog
c:\visualstudioprojects\bgfx-minimal-example\bin-int\release-windows-x86_64\core\core.tlog\lib-link.write.1.tlog
c:\visualstudioprojects\bgfx-minimal-example\bin-int\release-windows-x86_64\core\core.tlog\lib.command.1.tlog
